<?xml version="1.0" encoding="UTF-8"?>
<!-- Generated by org.testng.reporters.JUnitReportReporter -->
<testsuite hostname="DESKTOP-AQ2OAPI" failures="0" tests="1" name="utility.Login" time="0.633" errors="0" timestamp="2023-05-22T17:00:29 IST" skipped="0">
  <testcase classname="utility.Login" name="TM001testUserLogin" time="0.633"/>
  <system-out>
    <![CDATA[UserLogin]]>
  </system-out>
</testsuite> <!-- utility.Login -->
