<?xml version="1.0" encoding="UTF-8"?>
<!-- Generated by org.testng.reporters.JUnitReportReporter -->
<testsuite hostname="DESKTOP-AQ2OAPI" failures="0" tests="2" name="xurititestscript.TC_0003_ManageCompany" time="83.282" errors="0" timestamp="2023-05-23T13:48:39 IST" skipped="0">
  <testcase classname="xurititestscript.TC_0003_ManageCompany" name="TM001_ApproveBuyerCompny" time="41.510"/>
  <system-out>
    <![CDATA[SearchCompany
ApproveBuyerCompny]]>
  </system-out>
  <testcase classname="xurititestscript.TC_0003_ManageCompany" name="TM001_ApproveSellerCompny" time="41.772"/>
  <system-out>
    <![CDATA[SearchCompany
ApproveSellerCompny]]>
  </system-out>
</testsuite> <!-- xurititestscript.TC_0003_ManageCompany -->
