<?xml version="1.0" encoding="UTF-8"?>
<!-- Generated by org.testng.reporters.JUnitReportReporter -->
<testsuite hostname="DESKTOP-AQ2OAPI" failures="0" tests="1" name="xurititestscript.TC_0003_ApproveCompany" time="40.327" errors="0" timestamp="2023-05-22T21:07:30 IST" skipped="0">
  <testcase classname="xurititestscript.TC_0003_ApproveCompany" name="TM001_ApproveSellerCompny" time="40.327"/>
  <system-out>
    <![CDATA[SearchBuyerCompany
ApproveBuyerCompny]]>
  </system-out>
</testsuite> <!-- xurititestscript.TC_0003_ApproveCompany -->
