<?xml version="1.0" encoding="UTF-8"?>
<!-- Generated by org.testng.reporters.JUnitReportReporter -->
<testsuite hostname="DESKTOP-AQ2OAPI" failures="0" tests="1" name="xurititestscript.TC_0006_CreditLimitApproval" time="0.452" errors="0" timestamp="2023-05-23T13:48:39 IST" skipped="0">
  <testcase classname="xurititestscript.TC_0006_CreditLimitApproval" name="TM0001_approveBuyerLimit" time="0.452"/>
  <system-out>
    <![CDATA[ApproveCreditLimit]]>
  </system-out>
</testsuite> <!-- xurititestscript.TC_0006_CreditLimitApproval -->
