<?xml version="1.0" encoding="UTF-8"?>
<!-- Generated by org.testng.reporters.JUnitReportReporter -->
<testsuite hostname="DESKTOP-AQ2OAPI" failures="0" tests="1" name="xurititestscript.TC_0007_UploadExcelInvoice" time="9.968" errors="0" timestamp="2023-05-23T13:45:55 IST" skipped="0">
  <testcase classname="xurititestscript.TC_0007_UploadExcelInvoice" name="TM0001_uploadInvoice" time="9.968"/>
  <system-out/>
</testsuite> <!-- xurititestscript.TC_0007_UploadExcelInvoice -->
