<?xml version="1.0" encoding="UTF-8"?>
<!-- Generated by org.testng.reporters.JUnitReportReporter -->
<testsuite hostname="DESKTOP-AQ2OAPI" failures="0" tests="2" name="xurititestscript.TC_0005_NBFC_BuyerAndSellerMapping" time="0.693" errors="0" timestamp="2023-05-23T13:48:39 IST" skipped="0">
  <testcase classname="xurititestscript.TC_0005_NBFC_BuyerAndSellerMapping" name="TM0001_getNBFCName" time="0.510"/>
  <system-out>
    <![CDATA[SearchNBFC]]>
  </system-out>
  <testcase classname="xurititestscript.TC_0005_NBFC_BuyerAndSellerMapping" name="TM0002_mapBuyerAndSellerInNBFC" time="0.183"/>
  <system-out>
    <![CDATA[NBFC_BuyerAndSellerMapping]]>
  </system-out>
</testsuite> <!-- xurititestscript.TC_0005_NBFC_BuyerAndSellerMapping -->
