<?xml version="1.0" encoding="UTF-8"?>
<!-- Generated by org.testng.reporters.JUnitReportReporter -->
<testsuite hostname="DESKTOP-AQ2OAPI" failures="0" tests="4" name="xurititestscript.TC_0001_Login" time="6.384" errors="0" timestamp="2023-05-23T13:48:39 IST" skipped="0">
  <testcase classname="xurititestscript.TC_0001_Login" name="TM001testUserLogin" time="4.644"/>
  <system-out>
    <![CDATA[UserLogin]]>
  </system-out>
  <testcase classname="xurititestscript.TC_0001_Login" name="TM004testNBFCLogin" time="0.530"/>
  <system-out>
    <![CDATA[NBFCLogin]]>
  </system-out>
  <testcase classname="xurititestscript.TC_0001_Login" name="TM003testManagerLogin" time="0.559"/>
  <system-out>
    <![CDATA[ManagerLogin]]>
  </system-out>
  <testcase classname="xurititestscript.TC_0001_Login" name="TM002testAdminLogin" time="0.651"/>
  <system-out>
    <![CDATA[AdminLogin]]>
  </system-out>
</testsuite> <!-- xurititestscript.TC_0001_Login -->
