<?xml version="1.0" encoding="UTF-8"?>
<!-- Generated by org.testng.reporters.JUnitReportReporter -->
<testsuite hostname="DESKTOP-AQ2OAPI" failures="0" tests="2" name="xurititestscript.TC_0004_CreateCreditPlan" time="0.592" errors="0" timestamp="2023-05-23T13:48:39 IST" skipped="0">
  <testcase classname="xurititestscript.TC_0004_CreateCreditPlan" name="TM0001testCreateSellerCreditPlan" time="0.136"/>
  <system-out>
    <![CDATA[CreateSellerCreditPlan]]>
  </system-out>
  <testcase classname="xurititestscript.TC_0004_CreateCreditPlan" name="TM0002testAddBuyerInSellerCreditPlan" time="0.456"/>
  <system-out>
    <![CDATA[GetCreditPlan
AddBuyerInCreditPlan]]>
  </system-out>
</testsuite> <!-- xurititestscript.TC_0004_CreateCreditPlan -->
