<?xml version="1.0" encoding="UTF-8"?>
<!-- Generated by org.testng.reporters.JUnitReportReporter -->
<testsuite hostname="DESKTOP-AQ2OAPI" failures="0" tests="3" name="xurititestscript.TC_0002_CreateCompany" time="1.528" errors="0" timestamp="2023-05-23T13:48:39 IST" skipped="0">
  <testcase classname="xurititestscript.TC_0002_CreateCompany" name="TM001_searchGst" time="0.469"/>
  <system-out/>
  <testcase classname="xurititestscript.TC_0002_CreateCompany" name="TM002_createCompanyAsBuyer" time="0.585"/>
  <system-out>
    <![CDATA[createCompanyAsBuyer]]>
  </system-out>
  <testcase classname="xurititestscript.TC_0002_CreateCompany" name="TM003_createCompanyAsSeller" time="0.474"/>
  <system-out>
    <![CDATA[createCompanyAsSeller]]>
  </system-out>
</testsuite> <!-- xurititestscript.TC_0002_CreateCompany -->
